<?xml version="1.0" encoding="UTF-8"?>
<!-- Generated by org.testng.reporters.JUnitReportReporter -->
<testsuite hostname="DESKTOP-6H7PVT2" failures="0" tests="1" name="eCommerceTest.OrderPlacedTest" time="22.703" errors="0" timestamp="13 Feb 2022 17:46:06 GMT" skipped="0">
  <testcase classname="eCommerceTest.OrderPlacedTest" name="VerifyOrderIsPlaced" time="22.703"/>
</testsuite> <!-- eCommerceTest.OrderPlacedTest -->
