<?xml version="1.0" encoding="UTF-8"?>
<!-- Generated by org.testng.reporters.JUnitReportReporter -->
<testsuite hostname="DESKTOP-6H7PVT2" failures="0" tests="1" name="eCommerceTest.LoginTest" time="16.637" errors="0" timestamp="13 Feb 2022 19:56:33 GMT" skipped="0">
  <testcase classname="eCommerceTest.LoginTest" name="verifyLogInByInValidEmail" time="16.637"/>
</testsuite> <!-- eCommerceTest.LoginTest -->
