<?xml version="1.0" encoding="UTF-8"?>
<!-- Generated by org.testng.reporters.JUnitReportReporter -->
<testsuite hostname="DESKTOP-6H7PVT2" failures="0" tests="2" name="eCommerceTest.RegisterTest" time="40.587" errors="0" timestamp="13 Feb 2022 21:39:55 GMT" skipped="0">
  <testcase classname="eCommerceTest.RegisterTest" name="verifyRegisterWithoutPassword" time="21.960"/>
  <testcase classname="eCommerceTest.RegisterTest" name="verifyRegisterNewUser" time="18.627"/>
</testsuite> <!-- eCommerceTest.RegisterTest -->
