<?xml version="1.0" encoding="UTF-8"?>
<!-- Generated by org.testng.reporters.JUnitReportReporter -->
<testsuite hostname="DESKTOP-6H7PVT2" failures="0" tests="2" name="eCommerceTest.SelectProductTest" time="27.605" errors="0" timestamp="13 Feb 2022 17:46:06 GMT" skipped="0">
  <testcase classname="eCommerceTest.SelectProductTest" name="verifySelectBlouseProduct" time="12.387"/>
  <testcase classname="eCommerceTest.SelectProductTest" name="VerifyResultedProductisSelected" time="15.218"/>
</testsuite> <!-- eCommerceTest.SelectProductTest -->
