<?xml version="1.0" encoding="UTF-8"?>
<!-- Generated by org.testng.reporters.JUnitReportReporter -->
<testsuite hostname="DESKTOP-6H7PVT2" failures="0" tests="1" name="eCommerceTest.RegisterTest" time="18.542" errors="0" timestamp="13 Feb 2022 17:48:16 GMT" skipped="0">
  <testcase classname="eCommerceTest.RegisterTest" name="verifyRegisterNewUser" time="18.542"/>
</testsuite> <!-- eCommerceTest.RegisterTest -->
