<?xml version="1.0" encoding="UTF-8"?>
<!-- Generated by org.testng.reporters.JUnitReportReporter -->
<testsuite hostname="DESKTOP-6H7PVT2" failures="0" tests="1" name="eCommerceTest.LoginTest" time="19.916" errors="0" timestamp="13 Feb 2022 21:24:26 GMT" skipped="0">
  <testcase classname="eCommerceTest.LoginTest" name="verifyLogInWithValidCreds" time="19.916"/>
</testsuite> <!-- eCommerceTest.LoginTest -->
