<?xml version="1.0" encoding="UTF-8"?>
<!-- Generated by org.testng.reporters.JUnitReportReporter -->
<testsuite hostname="DESKTOP-6H7PVT2" failures="0" tests="1" name="eCommerceTest.BaseTest" time="0.019" errors="0" timestamp="11 Feb 2022 19:50:29 GMT" skipped="0">
  <testcase classname="eCommerceTest.BaseTest" name="f" time="0.019"/>
</testsuite> <!-- eCommerceTest.BaseTest -->
