<?xml version="1.0" encoding="UTF-8"?>
<!-- Generated by org.testng.reporters.JUnitReportReporter -->
<testsuite hostname="DESKTOP-6H7PVT2" failures="0" tests="1" name="eCommerceTest.OrderConfirmationTest" time="22.596" errors="0" timestamp="13 Feb 2022 17:46:06 GMT" skipped="0">
  <testcase classname="eCommerceTest.OrderConfirmationTest" name="VeifyOrderConfirmationMsg" time="22.596"/>
</testsuite> <!-- eCommerceTest.OrderConfirmationTest -->
