<?xml version="1.0" encoding="UTF-8"?>
<!-- Generated by org.testng.reporters.JUnitReportReporter -->
<testsuite hostname="DESKTOP-6H7PVT2" failures="0" tests="2" name="eCommerceTest.SelectProductTest" time="37.422" errors="0" timestamp="13 Feb 2022 21:32:37 GMT" skipped="0">
  <testcase classname="eCommerceTest.SelectProductTest" name="VerifyResultedProductisSelected" time="20.920"/>
  <testcase classname="eCommerceTest.SelectProductTest" name="verifySelectBlouseProduct" time="16.502"/>
</testsuite> <!-- eCommerceTest.SelectProductTest -->
