<?xml version="1.0" encoding="UTF-8"?>
<!-- Generated by org.testng.reporters.JUnitReportReporter -->
<testsuite hostname="DESKTOP-6H7PVT2" failures="0" tests="5" name="eCommerceTest.RegisterDataDrivenTest" time="81.183" errors="0" timestamp="13 Feb 2022 19:34:11 GMT" skipped="0">
  <testcase classname="eCommerceTest.RegisterDataDrivenTest" name="verifyRegisterNewUser" time="16.921"/>
  <testcase classname="eCommerceTest.RegisterDataDrivenTest" name="verifyRegisterNewUser" time="16.856"/>
  <testcase classname="eCommerceTest.RegisterDataDrivenTest" name="verifyRegisterNewUser" time="17.749"/>
  <testcase classname="eCommerceTest.RegisterDataDrivenTest" name="verifyRegisterNewUser" time="14.848"/>
  <testcase classname="eCommerceTest.RegisterDataDrivenTest" name="verifyRegisterNewUser" time="14.809"/>
</testsuite> <!-- eCommerceTest.RegisterDataDrivenTest -->
