<?xml version="1.0" encoding="UTF-8"?>
<!-- Generated by org.testng.reporters.JUnitReportReporter -->
<testsuite hostname="DESKTOP-6H7PVT2" failures="0" tests="1" name="webServicesTest.UserApiTest" time="7.188" errors="0" timestamp="13 Feb 2022 20:28:52 GMT" skipped="0">
  <testcase classname="webServicesTest.UserApiTest" name="userPost" time="7.188"/>
</testsuite> <!-- webServicesTest.UserApiTest -->
