<?xml version="1.0" encoding="UTF-8"?>
<!-- Generated by org.testng.reporters.JUnitReportReporter -->
<testsuite hostname="DESKTOP-6H7PVT2" failures="0" tests="3" name="eCommerceTest.CheckOutTest" time="69.374" errors="0" timestamp="13 Feb 2022 17:46:06 GMT" skipped="0">
  <testcase classname="eCommerceTest.CheckOutTest" name="VerifyBankWirePaymentIsSelected" time="26.720"/>
  <testcase classname="eCommerceTest.CheckOutTest" name="VerifyFollowCheckoutProcedure" time="21.148"/>
  <testcase classname="eCommerceTest.CheckOutTest" name="VerifyCheckPaymentIsSelected" time="21.506"/>
</testsuite> <!-- eCommerceTest.CheckOutTest -->
